# JRE version: Java(TM) SE Runtime Environment (8.0_40-b25) (build 1.8.0_40-b25)
# Java VM: Java HotSpot(TM) 64-Bit Server VM (25.40-b25 mixed mode windows-amd64 compressed oops)
Heap:
 PSYoungGen      total 282112K, used 73238K [0x00000000d5c00000, 0x00000000e8400000, 0x0000000100000000)
  eden space 261120K, 28% used [0x00000000d5c00000,0x00000000da385858,0x00000000e5b00000)
  from space 20992K, 0% used [0x00000000e6f80000,0x00000000e6f80000,0x00000000e8400000)
  to   space 20992K, 0% used [0x00000000e5b00000,0x00000000e5b00000,0x00000000e6f80000)
 ParOldGen       total 93184K, used 32510K [0x0000000081400000, 0x0000000086f00000, 0x00000000d5c00000)
  object space 93184K, 34% used [0x0000000081400000,0x00000000833bfa00,0x0000000086f00000)
 Metaspace       used 22531K, capacity 23038K, committed 23168K, reserved 1069056K
  class space    used 2565K, capacity 2684K, committed 2688K, reserved 1048576K
GC Heap History (10 events):
Event: 3.366 GC heap before
{Heap before GC invocations=5 (full 0):
 PSYoungGen      total 71680K, used 71672K [0x00000000d5c00000, 0x00000000da700000, 0x0000000100000000)
  eden space 66560K, 100% used [0x00000000d5c00000,0x00000000d9d00000,0x00000000d9d00000)
  from space 5120K, 99% used [0x00000000da200000,0x00000000da6fe030,0x00000000da700000)
  to   space 5120K, 0% used [0x00000000d9d00000,0x00000000d9d00000,0x00000000da200000)
 ParOldGen       total 87552K, used 6978K [0x0000000081400000, 0x0000000086980000, 0x00000000d5c00000)
  object space 87552K, 7% used [0x0000000081400000,0x0000000081ad0be8,0x0000000086980000)
 Metaspace       used 16369K, capacity 16690K, committed 16896K, reserved 1064960K
  class space    used 1886K, capacity 1980K, committed 2048K, reserved 1048576K
Event: 3.385 GC heap after
Heap after GC invocations=5 (full 0):
 PSYoungGen      total 71680K, used 5096K [0x00000000d5c00000, 0x00000000df500000, 0x0000000100000000)
  eden space 66560K, 0% used [0x00000000d5c00000,0x00000000d5c00000,0x00000000d9d00000)
  from space 5120K, 99% used [0x00000000d9d00000,0x00000000da1fa040,0x00000000da200000)
  to   space 11776K, 0% used [0x00000000de980000,0x00000000de980000,0x00000000df500000)
 ParOldGen       total 87552K, used 13771K [0x0000000081400000, 0x0000000086980000, 0x00000000d5c00000)
  object space 87552K, 15% used [0x0000000081400000,0x0000000082172dc0,0x0000000086980000)
 Metaspace       used 16369K, capacity 16690K, committed 16896K, reserved 1064960K
  class space    used 1886K, capacity 1980K, committed 2048K, reserved 1048576K
}
Event: 4.339 GC heap before
{Heap before GC invocations=6 (full 0):
 PSYoungGen      total 71680K, used 71656K [0x00000000d5c00000, 0x00000000df500000, 0x0000000100000000)
  eden space 66560K, 100% used [0x00000000d5c00000,0x00000000d9d00000,0x00000000d9d00000)
  from space 5120K, 99% used [0x00000000d9d00000,0x00000000da1fa040,0x00000000da200000)
  to   space 11776K, 0% used [0x00000000de980000,0x00000000de980000,0x00000000df500000)
 ParOldGen       total 87552K, used 13771K [0x0000000081400000, 0x0000000086980000, 0x00000000d5c00000)
  object space 87552K, 15% used [0x0000000081400000,0x0000000082172dc0,0x0000000086980000)
 Metaspace       used 16685K, capacity 17020K, committed 17152K, reserved 1064960K
  class space    used 1894K, capacity 2019K, committed 2048K, reserved 1048576K
Event: 4.360 GC heap after
Heap after GC invocations=6 (full 0):
 PSYoungGen      total 142336K, used 11768K [0x00000000d5c00000, 0x00000000dfa00000, 0x0000000100000000)
  eden space 130560K, 0% used [0x00000000d5c00000,0x00000000d5c00000,0x00000000ddb80000)
  from space 11776K, 99% used [0x00000000de980000,0x00000000df4fe010,0x00000000df500000)
  to   space 14336K, 0% used [0x00000000ddb80000,0x00000000ddb80000,0x00000000de980000)
 ParOldGen       total 87552K, used 16045K [0x0000000081400000, 0x0000000086980000, 0x00000000d5c00000)
  object space 87552K, 18% used [0x0000000081400000,0x00000000823ab470,0x0000000086980000)
 Metaspace       used 16685K, capacity 17020K, committed 17152K, reserved 1064960K
  class space    used 1894K, capacity 2019K, committed 2048K, reserved 1048576K
}
Event: 6.236 GC heap before
{Heap before GC invocations=7 (full 0):
 PSYoungGen      total 142336K, used 142328K [0x00000000d5c00000, 0x00000000dfa00000, 0x0000000100000000)
  eden space 130560K, 100% used [0x00000000d5c00000,0x00000000ddb80000,0x00000000ddb80000)
  from space 11776K, 99% used [0x00000000de980000,0x00000000df4fe010,0x00000000df500000)
  to   space 14336K, 0% used [0x00000000ddb80000,0x00000000ddb80000,0x00000000de980000)
 ParOldGen       total 87552K, used 16045K [0x0000000081400000, 0x0000000086980000, 0x00000000d5c00000)
  object space 87552K, 18% used [0x0000000081400000,0x00000000823ab470,0x0000000086980000)
 Metaspace       used 17572K, capacity 18010K, committed 18304K, reserved 1064960K
  class space    used 1984K, capacity 2092K, committed 2176K, reserved 1048576K
Event: 6.277 GC heap after
Heap after GC invocations=7 (full 0):
 PSYoungGen      total 144896K, used 14304K [0x00000000d5c00000, 0x00000000e8400000, 0x0000000100000000)
  eden space 130560K, 0% used [0x00000000d5c00000,0x00000000d5c00000,0x00000000ddb80000)
  from space 14336K, 99% used [0x00000000ddb80000,0x00000000de978030,0x00000000de980000)
  to   space 20992K, 0% used [0x00000000e6f80000,0x00000000e6f80000,0x00000000e8400000)
 ParOldGen       total 87552K, used 24490K [0x0000000081400000, 0x0000000086980000, 0x00000000d5c00000)
  object space 87552K, 27% used [0x0000000081400000,0x0000000082bea910,0x0000000086980000)
 Metaspace       used 17572K, capacity 18010K, committed 18304K, reserved 1064960K
  class space    used 1984K, capacity 2092K, committed 2176K, reserved 1048576K
}
Event: 7.009 GC heap before
{Heap before GC invocations=8 (full 0):
 PSYoungGen      total 144896K, used 37826K [0x00000000d5c00000, 0x00000000e8400000, 0x0000000100000000)
  eden space 130560K, 18% used [0x00000000d5c00000,0x00000000d72f8ae0,0x00000000ddb80000)
  from space 14336K, 99% used [0x00000000ddb80000,0x00000000de978030,0x00000000de980000)
  to   space 20992K, 0% used [0x00000000e6f80000,0x00000000e6f80000,0x00000000e8400000)
 ParOldGen       total 87552K, used 24490K [0x0000000081400000, 0x0000000086980000, 0x00000000d5c00000)
  object space 87552K, 27% used [0x0000000081400000,0x0000000082bea910,0x0000000086980000)
 Metaspace       used 20596K, capacity 21150K, committed 21248K, reserved 1069056K
  class space    used 2398K, capacity 2524K, committed 2560K, reserved 1048576K
Event: 7.055 GC heap after
Heap after GC invocations=8 (full 0):
 PSYoungGen      total 282112K, used 14021K [0x00000000d5c00000, 0x00000000e8400000, 0x0000000100000000)
  eden space 261120K, 0% used [0x00000000d5c00000,0x00000000d5c00000,0x00000000e5b00000)
  from space 20992K, 66% used [0x00000000e6f80000,0x00000000e7d315c8,0x00000000e8400000)
  to   space 20992K, 0% used [0x00000000e5b00000,0x00000000e5b00000,0x00000000e6f80000)
 ParOldGen       total 87552K, used 26418K [0x0000000081400000, 0x0000000086980000, 0x00000000d5c00000)
  object space 87552K, 30% used [0x0000000081400000,0x0000000082dcc920,0x0000000086980000)
 Metaspace       used 20596K, capacity 21150K, committed 21248K, reserved 1069056K
  class space    used 2398K, capacity 2524K, committed 2560K, reserved 1048576K
}
Event: 7.055 GC heap before
{Heap before GC invocations=9 (full 1):
 PSYoungGen      total 282112K, used 14021K [0x00000000d5c00000, 0x00000000e8400000, 0x0000000100000000)
  eden space 261120K, 0% used [0x00000000d5c00000,0x00000000d5c00000,0x00000000e5b00000)
  from space 20992K, 66% used [0x00000000e6f80000,0x00000000e7d315c8,0x00000000e8400000)
  to   space 20992K, 0% used [0x00000000e5b00000,0x00000000e5b00000,0x00000000e6f80000)
 ParOldGen       total 87552K, used 26418K [0x0000000081400000, 0x0000000086980000, 0x00000000d5c00000)
  object space 87552K, 30% used [0x0000000081400000,0x0000000082dcc920,0x0000000086980000)
 Metaspace       used 20596K, capacity 21150K, committed 21248K, reserved 1069056K
  class space    used 2398K, capacity 2524K, committed 2560K, reserved 1048576K
Event: 7.328 GC heap after
Heap after GC invocations=9 (full 1):
 PSYoungGen      total 282112K, used 0K [0x00000000d5c00000, 0x00000000e8400000, 0x0000000100000000)
  eden space 261120K, 0% used [0x00000000d5c00000,0x00000000d5c00000,0x00000000e5b00000)
  from space 20992K, 0% used [0x00000000e6f80000,0x00000000e6f80000,0x00000000e8400000)
  to   space 20992K, 0% used [0x00000000e5b00000,0x00000000e5b00000,0x00000000e6f80000)
 ParOldGen       total 93184K, used 32510K [0x0000000081400000, 0x0000000086f00000, 0x00000000d5c00000)
  object space 93184K, 34% used [0x0000000081400000,0x00000000833bfa00,0x0000000086f00000)
 Metaspace       used 20596K, capacity 21150K, committed 21248K, reserved 1069056K
  class space    used 2398K, capacity 2524K, committed 2560K, reserved 1048576K
}

