# JRE version: Java(TM) SE Runtime Environment (8.0_40-b25) (build 1.8.0_40-b25)
# Java VM: Java HotSpot(TM) 64-Bit Server VM (25.40-b25 mixed mode windows-amd64 compressed oops)
Heap:
 PSYoungGen      total 279552K, used 38513K [0x00000000d5c00000, 0x00000000e8700000, 0x0000000100000000)
  eden space 259072K, 14% used [0x00000000d5c00000,0x00000000d819c578,0x00000000e5900000)
  from space 20480K, 0% used [0x00000000e6f00000,0x00000000e6f00000,0x00000000e8300000)
  to   space 22528K, 0% used [0x00000000e5900000,0x00000000e5900000,0x00000000e6f00000)
 ParOldGen       total 93696K, used 35168K [0x0000000081400000, 0x0000000086f80000, 0x00000000d5c00000)
  object space 93696K, 37% used [0x0000000081400000,0x0000000083658220,0x0000000086f80000)
 Metaspace       used 21419K, capacity 22236K, committed 22400K, reserved 1069056K
  class space    used 2456K, capacity 2636K, committed 2688K, reserved 1048576K
GC Heap History (10 events):
Event: 3.344 GC heap before
{Heap before GC invocations=5 (full 0):
 PSYoungGen      total 71680K, used 71656K [0x00000000d5c00000, 0x00000000da700000, 0x0000000100000000)
  eden space 66560K, 100% used [0x00000000d5c00000,0x00000000d9d00000,0x00000000d9d00000)
  from space 5120K, 99% used [0x00000000da200000,0x00000000da6fa020,0x00000000da700000)
  to   space 5120K, 0% used [0x00000000d9d00000,0x00000000d9d00000,0x00000000da200000)
 ParOldGen       total 87552K, used 6842K [0x0000000081400000, 0x0000000086980000, 0x00000000d5c00000)
  object space 87552K, 7% used [0x0000000081400000,0x0000000081aae860,0x0000000086980000)
 Metaspace       used 16383K, capacity 16754K, committed 16896K, reserved 1064960K
  class space    used 1891K, capacity 1980K, committed 2048K, reserved 1048576K
Event: 3.357 GC heap after
Heap after GC invocations=5 (full 0):
 PSYoungGen      total 71680K, used 5096K [0x00000000d5c00000, 0x00000000df500000, 0x0000000100000000)
  eden space 66560K, 0% used [0x00000000d5c00000,0x00000000d5c00000,0x00000000d9d00000)
  from space 5120K, 99% used [0x00000000d9d00000,0x00000000da1fa020,0x00000000da200000)
  to   space 11776K, 0% used [0x00000000de980000,0x00000000de980000,0x00000000df500000)
 ParOldGen       total 87552K, used 13648K [0x0000000081400000, 0x0000000086980000, 0x00000000d5c00000)
  object space 87552K, 15% used [0x0000000081400000,0x0000000082154178,0x0000000086980000)
 Metaspace       used 16383K, capacity 16754K, committed 16896K, reserved 1064960K
  class space    used 1891K, capacity 1980K, committed 2048K, reserved 1048576K
}
Event: 4.126 GC heap before
{Heap before GC invocations=6 (full 0):
 PSYoungGen      total 71680K, used 71656K [0x00000000d5c00000, 0x00000000df500000, 0x0000000100000000)
  eden space 66560K, 100% used [0x00000000d5c00000,0x00000000d9d00000,0x00000000d9d00000)
  from space 5120K, 99% used [0x00000000d9d00000,0x00000000da1fa020,0x00000000da200000)
  to   space 11776K, 0% used [0x00000000de980000,0x00000000de980000,0x00000000df500000)
 ParOldGen       total 87552K, used 13648K [0x0000000081400000, 0x0000000086980000, 0x00000000d5c00000)
  object space 87552K, 15% used [0x0000000081400000,0x0000000082154178,0x0000000086980000)
 Metaspace       used 16652K, capacity 17020K, committed 17152K, reserved 1064960K
  class space    used 1897K, capacity 2019K, committed 2048K, reserved 1048576K
Event: 4.147 GC heap after
Heap after GC invocations=6 (full 0):
 PSYoungGen      total 142336K, used 11752K [0x00000000d5c00000, 0x00000000dfa00000, 0x0000000100000000)
  eden space 130560K, 0% used [0x00000000d5c00000,0x00000000d5c00000,0x00000000ddb80000)
  from space 11776K, 99% used [0x00000000de980000,0x00000000df4fa060,0x00000000df500000)
  to   space 14336K, 0% used [0x00000000ddb80000,0x00000000ddb80000,0x00000000de980000)
 ParOldGen       total 87552K, used 15581K [0x0000000081400000, 0x0000000086980000, 0x00000000d5c00000)
  object space 87552K, 17% used [0x0000000081400000,0x00000000823374d0,0x0000000086980000)
 Metaspace       used 16652K, capacity 17020K, committed 17152K, reserved 1064960K
  class space    used 1897K, capacity 2019K, committed 2048K, reserved 1048576K
}
Event: 5.887 GC heap before
{Heap before GC invocations=7 (full 0):
 PSYoungGen      total 142336K, used 142312K [0x00000000d5c00000, 0x00000000dfa00000, 0x0000000100000000)
  eden space 130560K, 100% used [0x00000000d5c00000,0x00000000ddb80000,0x00000000ddb80000)
  from space 11776K, 99% used [0x00000000de980000,0x00000000df4fa060,0x00000000df500000)
  to   space 14336K, 0% used [0x00000000ddb80000,0x00000000ddb80000,0x00000000de980000)
 ParOldGen       total 87552K, used 15581K [0x0000000081400000, 0x0000000086980000, 0x00000000d5c00000)
  object space 87552K, 17% used [0x0000000081400000,0x00000000823374d0,0x0000000086980000)
 Metaspace       used 17965K, capacity 18506K, committed 18816K, reserved 1067008K
  class space    used 2017K, capacity 2132K, committed 2176K, reserved 1048576K
Event: 5.928 GC heap after
Heap after GC invocations=7 (full 0):
 PSYoungGen      total 144896K, used 14336K [0x00000000d5c00000, 0x00000000e8300000, 0x0000000100000000)
  eden space 130560K, 0% used [0x00000000d5c00000,0x00000000d5c00000,0x00000000ddb80000)
  from space 14336K, 100% used [0x00000000ddb80000,0x00000000de980000,0x00000000de980000)
  to   space 20480K, 0% used [0x00000000e6f00000,0x00000000e6f00000,0x00000000e8300000)
 ParOldGen       total 87552K, used 23330K [0x0000000081400000, 0x0000000086980000, 0x00000000d5c00000)
  object space 87552K, 26% used [0x0000000081400000,0x0000000082ac8848,0x0000000086980000)
 Metaspace       used 17965K, capacity 18506K, committed 18816K, reserved 1067008K
  class space    used 2017K, capacity 2132K, committed 2176K, reserved 1048576K
}
Event: 8.061 GC heap before
{Heap before GC invocations=8 (full 0):
 PSYoungGen      total 144896K, used 100277K [0x00000000d5c00000, 0x00000000e8300000, 0x0000000100000000)
  eden space 130560K, 65% used [0x00000000d5c00000,0x00000000dafed678,0x00000000ddb80000)
  from space 14336K, 100% used [0x00000000ddb80000,0x00000000de980000,0x00000000de980000)
  to   space 20480K, 0% used [0x00000000e6f00000,0x00000000e6f00000,0x00000000e8300000)
 ParOldGen       total 87552K, used 23330K [0x0000000081400000, 0x0000000086980000, 0x00000000d5c00000)
  object space 87552K, 26% used [0x0000000081400000,0x0000000082ac8848,0x0000000086980000)
 Metaspace       used 20434K, capacity 21142K, committed 21248K, reserved 1069056K
  class space    used 2328K, capacity 2515K, committed 2560K, reserved 1048576K
Event: 8.082 GC heap after
Heap after GC invocations=8 (full 0):
 PSYoungGen      total 279552K, used 18073K [0x00000000d5c00000, 0x00000000e8700000, 0x0000000100000000)
  eden space 259072K, 0% used [0x00000000d5c00000,0x00000000d5c00000,0x00000000e5900000)
  from space 20480K, 88% used [0x00000000e6f00000,0x00000000e80a66c0,0x00000000e8300000)
  to   space 22528K, 0% used [0x00000000e5900000,0x00000000e5900000,0x00000000e6f00000)
 ParOldGen       total 87552K, used 25298K [0x0000000081400000, 0x0000000086980000, 0x00000000d5c00000)
  object space 87552K, 28% used [0x0000000081400000,0x0000000082cb4848,0x0000000086980000)
 Metaspace       used 20434K, capacity 21142K, committed 21248K, reserved 1069056K
  class space    used 2328K, capacity 2515K, committed 2560K, reserved 1048576K
}
Event: 8.082 GC heap before
{Heap before GC invocations=9 (full 1):
 PSYoungGen      total 279552K, used 18073K [0x00000000d5c00000, 0x00000000e8700000, 0x0000000100000000)
  eden space 259072K, 0% used [0x00000000d5c00000,0x00000000d5c00000,0x00000000e5900000)
  from space 20480K, 88% used [0x00000000e6f00000,0x00000000e80a66c0,0x00000000e8300000)
  to   space 22528K, 0% used [0x00000000e5900000,0x00000000e5900000,0x00000000e6f00000)
 ParOldGen       total 87552K, used 25298K [0x0000000081400000, 0x0000000086980000, 0x00000000d5c00000)
  object space 87552K, 28% used [0x0000000081400000,0x0000000082cb4848,0x0000000086980000)
 Metaspace       used 20434K, capacity 21142K, committed 21248K, reserved 1069056K
  class space    used 2328K, capacity 2515K, committed 2560K, reserved 1048576K
Event: 8.218 GC heap after
Heap after GC invocations=9 (full 1):
 PSYoungGen      total 279552K, used 0K [0x00000000d5c00000, 0x00000000e8700000, 0x0000000100000000)
  eden space 259072K, 0% used [0x00000000d5c00000,0x00000000d5c00000,0x00000000e5900000)
  from space 20480K, 0% used [0x00000000e6f00000,0x00000000e6f00000,0x00000000e8300000)
  to   space 22528K, 0% used [0x00000000e5900000,0x00000000e5900000,0x00000000e6f00000)
 ParOldGen       total 93696K, used 35168K [0x0000000081400000, 0x0000000086f80000, 0x00000000d5c00000)
  object space 93696K, 37% used [0x0000000081400000,0x0000000083658220,0x0000000086f80000)
 Metaspace       used 20434K, capacity 21142K, committed 21248K, reserved 1069056K
  class space    used 2328K, capacity 2515K, committed 2560K, reserved 1048576K
}

