# JRE version: Java(TM) SE Runtime Environment (8.0_40-b25) (build 1.8.0_40-b25)
# Java VM: Java HotSpot(TM) 64-Bit Server VM (25.40-b25 mixed mode windows-amd64 compressed oops)
Heap:
 PSYoungGen      total 145920K, used 87761K [0x00000000d5c00000, 0x00000000e8400000, 0x0000000100000000)
  eden space 131584K, 55% used [0x00000000d5c00000,0x00000000da3b85c8,0x00000000ddc80000)
  from space 14336K, 99% used [0x00000000ddc80000,0x00000000dea7c020,0x00000000dea80000)
  to   space 19968K, 0% used [0x00000000e7080000,0x00000000e7080000,0x00000000e8400000)
 ParOldGen       total 87552K, used 22514K [0x0000000081400000, 0x0000000086980000, 0x00000000d5c00000)
  object space 87552K, 25% used [0x0000000081400000,0x00000000829fc920,0x0000000086980000)
 Metaspace       used 19080K, capacity 19704K, committed 19840K, reserved 1067008K
  class space    used 2167K, capacity 2312K, committed 2432K, reserved 1048576K
GC Heap History (10 events):
Event: 2.799 GC heap before
{Heap before GC invocations=3 (full 0):
 PSYoungGen      total 38400K, used 38378K [0x00000000d5c00000, 0x00000000da700000, 0x0000000100000000)
  eden space 33280K, 100% used [0x00000000d5c00000,0x00000000d7c80000,0x00000000d7c80000)
  from space 5120K, 99% used [0x00000000d8180000,0x00000000d867aa10,0x00000000d8680000)
  to   space 5120K, 0% used [0x00000000d7c80000,0x00000000d7c80000,0x00000000d8180000)
 ParOldGen       total 87552K, used 2623K [0x0000000081400000, 0x0000000086980000, 0x00000000d5c00000)
  object space 87552K, 2% used [0x0000000081400000,0x000000008168ffd8,0x0000000086980000)
 Metaspace       used 15326K, capacity 15586K, committed 15744K, reserved 1062912K
  class space    used 1842K, capacity 1914K, committed 1920K, reserved 1048576K
Event: 2.833 GC heap after
Heap after GC invocations=3 (full 0):
 PSYoungGen      total 38400K, used 5112K [0x00000000d5c00000, 0x00000000da700000, 0x0000000100000000)
  eden space 33280K, 0% used [0x00000000d5c00000,0x00000000d5c00000,0x00000000d7c80000)
  from space 5120K, 99% used [0x00000000d7c80000,0x00000000d817e030,0x00000000d8180000)
  to   space 5120K, 0% used [0x00000000da200000,0x00000000da200000,0x00000000da700000)
 ParOldGen       total 87552K, used 5444K [0x0000000081400000, 0x0000000086980000, 0x00000000d5c00000)
  object space 87552K, 6% used [0x0000000081400000,0x0000000081951330,0x0000000086980000)
 Metaspace       used 15326K, capacity 15586K, committed 15744K, reserved 1062912K
  class space    used 1842K, capacity 1914K, committed 1920K, reserved 1048576K
}
Event: 3.255 GC heap before
{Heap before GC invocations=4 (full 0):
 PSYoungGen      total 38400K, used 38392K [0x00000000d5c00000, 0x00000000da700000, 0x0000000100000000)
  eden space 33280K, 100% used [0x00000000d5c00000,0x00000000d7c80000,0x00000000d7c80000)
  from space 5120K, 99% used [0x00000000d7c80000,0x00000000d817e030,0x00000000d8180000)
  to   space 5120K, 0% used [0x00000000da200000,0x00000000da200000,0x00000000da700000)
 ParOldGen       total 87552K, used 5444K [0x0000000081400000, 0x0000000086980000, 0x00000000d5c00000)
  object space 87552K, 6% used [0x0000000081400000,0x0000000081951330,0x0000000086980000)
 Metaspace       used 15564K, capacity 15848K, committed 16000K, reserved 1062912K
  class space    used 1843K, capacity 1915K, committed 1920K, reserved 1048576K
Event: 3.263 GC heap after
Heap after GC invocations=4 (full 0):
 PSYoungGen      total 71680K, used 5112K [0x00000000d5c00000, 0x00000000da700000, 0x0000000100000000)
  eden space 66560K, 0% used [0x00000000d5c00000,0x00000000d5c00000,0x00000000d9d00000)
  from space 5120K, 99% used [0x00000000da200000,0x00000000da6fe050,0x00000000da700000)
  to   space 5120K, 0% used [0x00000000d9d00000,0x00000000d9d00000,0x00000000da200000)
 ParOldGen       total 87552K, used 7132K [0x0000000081400000, 0x0000000086980000, 0x00000000d5c00000)
  object space 87552K, 8% used [0x0000000081400000,0x0000000081af7330,0x0000000086980000)
 Metaspace       used 15564K, capacity 15848K, committed 16000K, reserved 1062912K
  class space    used 1843K, capacity 1915K, committed 1920K, reserved 1048576K
}
Event: 4.338 GC heap before
{Heap before GC invocations=5 (full 0):
 PSYoungGen      total 71680K, used 71672K [0x00000000d5c00000, 0x00000000da700000, 0x0000000100000000)
  eden space 66560K, 100% used [0x00000000d5c00000,0x00000000d9d00000,0x00000000d9d00000)
  from space 5120K, 99% used [0x00000000da200000,0x00000000da6fe050,0x00000000da700000)
  to   space 5120K, 0% used [0x00000000d9d00000,0x00000000d9d00000,0x00000000da200000)
 ParOldGen       total 87552K, used 7132K [0x0000000081400000, 0x0000000086980000, 0x00000000d5c00000)
  object space 87552K, 8% used [0x0000000081400000,0x0000000081af7330,0x0000000086980000)
 Metaspace       used 16372K, capacity 16684K, committed 16896K, reserved 1064960K
  class space    used 1886K, capacity 1979K, committed 2048K, reserved 1048576K
Event: 4.353 GC heap after
Heap after GC invocations=5 (full 0):
 PSYoungGen      total 71680K, used 5112K [0x00000000d5c00000, 0x00000000df700000, 0x0000000100000000)
  eden space 66560K, 0% used [0x00000000d5c00000,0x00000000d5c00000,0x00000000d9d00000)
  from space 5120K, 99% used [0x00000000d9d00000,0x00000000da1fe030,0x00000000da200000)
  to   space 12800K, 0% used [0x00000000dea80000,0x00000000dea80000,0x00000000df700000)
 ParOldGen       total 87552K, used 15233K [0x0000000081400000, 0x0000000086980000, 0x00000000d5c00000)
  object space 87552K, 17% used [0x0000000081400000,0x00000000822e0548,0x0000000086980000)
 Metaspace       used 16372K, capacity 16684K, committed 16896K, reserved 1064960K
  class space    used 1886K, capacity 1979K, committed 2048K, reserved 1048576K
}
Event: 5.299 GC heap before
{Heap before GC invocations=6 (full 0):
 PSYoungGen      total 71680K, used 71672K [0x00000000d5c00000, 0x00000000df700000, 0x0000000100000000)
  eden space 66560K, 100% used [0x00000000d5c00000,0x00000000d9d00000,0x00000000d9d00000)
  from space 5120K, 99% used [0x00000000d9d00000,0x00000000da1fe030,0x00000000da200000)
  to   space 12800K, 0% used [0x00000000dea80000,0x00000000dea80000,0x00000000df700000)
 ParOldGen       total 87552K, used 15233K [0x0000000081400000, 0x0000000086980000, 0x00000000d5c00000)
  object space 87552K, 17% used [0x0000000081400000,0x00000000822e0548,0x0000000086980000)
 Metaspace       used 16673K, capacity 17020K, committed 17152K, reserved 1064960K
  class space    used 1894K, capacity 2019K, committed 2048K, reserved 1048576K
Event: 5.327 GC heap after
Heap after GC invocations=6 (full 0):
 PSYoungGen      total 144384K, used 12712K [0x00000000d5c00000, 0x00000000dfa00000, 0x0000000100000000)
  eden space 131584K, 0% used [0x00000000d5c00000,0x00000000d5c00000,0x00000000ddc80000)
  from space 12800K, 99% used [0x00000000dea80000,0x00000000df6ea040,0x00000000df700000)
  to   space 14336K, 0% used [0x00000000ddc80000,0x00000000ddc80000,0x00000000dea80000)
 ParOldGen       total 87552K, used 15241K [0x0000000081400000, 0x0000000086980000, 0x00000000d5c00000)
  object space 87552K, 17% used [0x0000000081400000,0x00000000822e2548,0x0000000086980000)
 Metaspace       used 16673K, capacity 17020K, committed 17152K, reserved 1064960K
  class space    used 1894K, capacity 2019K, committed 2048K, reserved 1048576K
}
Event: 7.079 GC heap before
{Heap before GC invocations=7 (full 0):
 PSYoungGen      total 144384K, used 144296K [0x00000000d5c00000, 0x00000000dfa00000, 0x0000000100000000)
  eden space 131584K, 100% used [0x00000000d5c00000,0x00000000ddc80000,0x00000000ddc80000)
  from space 12800K, 99% used [0x00000000dea80000,0x00000000df6ea040,0x00000000df700000)
  to   space 14336K, 0% used [0x00000000ddc80000,0x00000000ddc80000,0x00000000dea80000)
 ParOldGen       total 87552K, used 15241K [0x0000000081400000, 0x0000000086980000, 0x00000000d5c00000)
  object space 87552K, 17% used [0x0000000081400000,0x00000000822e2548,0x0000000086980000)
 Metaspace       used 17614K, capacity 18010K, committed 18304K, reserved 1064960K
  class space    used 1985K, capacity 2092K, committed 2176K, reserved 1048576K
Event: 7.109 GC heap after
Heap after GC invocations=7 (full 0):
 PSYoungGen      total 145920K, used 14320K [0x00000000d5c00000, 0x00000000e8400000, 0x0000000100000000)
  eden space 131584K, 0% used [0x00000000d5c00000,0x00000000d5c00000,0x00000000ddc80000)
  from space 14336K, 99% used [0x00000000ddc80000,0x00000000dea7c020,0x00000000dea80000)
  to   space 19968K, 0% used [0x00000000e7080000,0x00000000e7080000,0x00000000e8400000)
 ParOldGen       total 87552K, used 22514K [0x0000000081400000, 0x0000000086980000, 0x00000000d5c00000)
  object space 87552K, 25% used [0x0000000081400000,0x00000000829fc920,0x0000000086980000)
 Metaspace       used 17614K, capacity 18010K, committed 18304K, reserved 1064960K
  class space    used 1985K, capacity 2092K, committed 2176K, reserved 1048576K
}

